INFO:root:answers: test_answers=[TestAnswer(question_number=0, user_response='4')] language='English'
INFO:root:answers: test_answers=[TestAnswer(question_number=0, user_response='string')] language='string'
INFO:root:answers
INFO:httpx:HTTP Request: POST http://127.0.0.1:11434/api/generate "HTTP/1.1 200 OK"
INFO:root:weaknesses: 1. **Incorrect Responses:**

*   **Question number: 1**
    *   Topic: exponential equations
    *   Difficulty: easy
    *   Correct Answer: 4
    *   Student Answer: None

*   **Question number: 2**
    *   Topic: logarithmic properties
    *   Difficulty: medium
    *   Correct Answer: 2
    *   Student Answer: None

*   **Question number: 3**
    *   Topic: radian measure
    *   Difficulty: easy
    *   Correct Answer: π/2
    *   Student Answer: None

*   **Question number: 4**
    *   Topic: trigonometric identity
    *   Difficulty: medium
    *   Correct Answer: 1/2
    *   Student Answer: None

*   **Question number: 5**
    *   Topic: rational functions
    *   Difficulty: hard
    *   Correct Answer: x = ±3
    *   Student Answer: None

*   **Question number: 6**
    *   Topic: polynomial roots
    *   Difficulty: medium
    *   Correct Answer: -1, 2, 5
    *   Student Answer: None

*   **Question number: 7**
    *   Topic: average rate of change
    *   Difficulty: hard
    *   Correct Answer: 6
    *   Student Answer: None

*   **Question number: 8**
    *   Topic: function transformations
    *   Difficulty: medium
    *   Correct Answer: 3
    *   Student Answer: None

*   **Question number: 9**
    *   Topic: logarithmic equations
    *   Difficulty: hard
    *   Correct Answer: 13.8
    *   Student Answer: None

*   **Question number: 10**
    *   Topic: function composition
    *   Difficulty: hard
    *   Correct Answer: 25
    *   Student Answer: None

2. **Aggregate Insights:**

*   **Topics of Struggle:** The student struggled with all the topics, as they did not answer any question correctly.
*   **Difficulty Level:** All questions were hard or medium difficulty, and the student did not answer any correctly.
*   **Patterns:** The student did not answer any question correctly, indicating a potential issue with understanding the material or lack of engagement with the subject matter.
INFO:httpx:HTTP Request: POST http://127.0.0.1:11434/api/generate "HTTP/1.1 200 OK"
INFO:root:strengths: 

## Students Correct Responses from the Quiz

There are no correct responses provided in the user_responses JSON file.

**Correct Responses:**

*   **Question number:** None
*   **Topic:** N/A
INFO:root:weaknesses: 1. **Incorrect Responses:**

*   **Question number: 1**
    *   Topic: exponential equations
    *   Difficulty: easy
    *   Correct Answer: 4
    *   Student Answer: None

*   **Question number: 2**
    *   Topic: logarithmic properties
    *   Difficulty: medium
    *   Correct Answer: 2
    *   Student Answer: None

*   **Question number: 3**
    *   Topic: radian measure
    *   Difficulty: easy
    *   Correct Answer: π/2
    *   Student Answer: None

*   **Question number: 4**
    *   Topic: trigonometric identity
    *   Difficulty: medium
    *   Correct Answer: 1/2
    *   Student Answer: None

*   **Question number: 5**
    *   Topic: rational functions
    *   Difficulty: hard
    *   Correct Answer: x = ±3
    *   Student Answer: None

*   **Question number: 6**
    *   Topic: polynomial roots
    *   Difficulty: medium
    *   Correct Answer: -1, 2, 5
    *   Student Answer: None

*   **Question number: 7**
    *   Topic: average rate of change
    *   Difficulty: hard
    *   Correct Answer: 6
    *   Student Answer: None

*   **Question number: 8**
    *   Topic: function transformations
    *   Difficulty: medium
    *   Correct Answer: 3
    *   Student Answer: None

*   **Question number: 9**
    *   Topic: logarithmic equations
    *   Difficulty: hard
    *   Correct Answer: 13.8
    *   Student Answer: None

*   **Question number: 10**
    *   Topic: function composition
    *   Difficulty: hard
    *   Correct Answer: 25
    *   Student Answer: None

2. **Aggregate Insights:**

*   **Topics of Struggle:** The student struggled with all the topics, as they did not answer any question correctly.
*   **Difficulty Level:** All questions were hard or medium difficulty, and the student did not answer any correctly.
*   **Patterns:** The student did not answer any question correctly, indicating a potential issue with understanding the material or lack of engagement with the subject matter.
INFO:root:strengths: 

## Students Correct Responses from the Quiz

There are no correct responses provided in the user_responses JSON file.

**Correct Responses:**

*   **Question number:** None
*   **Topic:** N/A
INFO:root:weaknesses: 1. **Incorrect Responses:**

*   **Question number: 1**
    *   Topic: exponential equations
    *   Difficulty: easy
    *   Correct Answer: 4
    *   Student Answer: None

*   **Question number: 2**
    *   Topic: logarithmic properties
    *   Difficulty: medium
    *   Correct Answer: 2
    *   Student Answer: None

*   **Question number: 3**
    *   Topic: radian measure
    *   Difficulty: easy
    *   Correct Answer: π/2
    *   Student Answer: None

*   **Question number: 4**
    *   Topic: trigonometric identity
    *   Difficulty: medium
    *   Correct Answer: 1/2
    *   Student Answer: None

*   **Question number: 5**
    *   Topic: rational functions
    *   Difficulty: hard
    *   Correct Answer: x = ±3
    *   Student Answer: None

*   **Question number: 6**
    *   Topic: polynomial roots
    *   Difficulty: medium
    *   Correct Answer: -1, 2, 5
    *   Student Answer: None

*   **Question number: 7**
    *   Topic: average rate of change
    *   Difficulty: hard
    *   Correct Answer: 6
    *   Student Answer: None

*   **Question number: 8**
    *   Topic: function transformations
    *   Difficulty: medium
    *   Correct Answer: 3
    *   Student Answer: None

*   **Question number: 9**
    *   Topic: logarithmic equations
    *   Difficulty: hard
    *   Correct Answer: 13.8
    *   Student Answer: None

*   **Question number: 10**
    *   Topic: function composition
    *   Difficulty: hard
    *   Correct Answer: 25
    *   Student Answer: None

2. **Aggregate Insights:**

*   **Topics of Struggle:** The student struggled with all the topics, as they did not answer any question correctly.
*   **Difficulty Level:** All questions were hard or medium difficulty, and the student did not answer any correctly.
*   **Patterns:** The student did not answer any question correctly, indicating a potential issue with understanding the material or lack of engagement with the subject matter.
INFO:root:strengths: 

## Students Correct Responses from the Quiz

There are no correct responses provided in the user_responses JSON file.

**Correct Responses:**

*   **Question number:** None
*   **Topic:** N/A
WARNING:pypdf._reader:Ignoring wrong pointing object 41 0 (offset 0)
WARNING:pypdf._reader:Ignoring wrong pointing object 46 0 (offset 0)
INFO:chromadb.telemetry.product.posthog:Anonymized telemetry enabled. See                     https://docs.trychroma.com/telemetry for more information.
INFO:httpx:HTTP Request: POST http://127.0.0.1:11434/api/embed "HTTP/1.1 200 OK"
INFO:httpx:HTTP Request: POST http://127.0.0.1:11434/api/embed "HTTP/1.1 200 OK"
INFO:httpx:HTTP Request: POST http://127.0.0.1:11434/api/generate "HTTP/1.1 200 OK"
INFO:root:Strengths summary RAG: The provided text does not include any information regarding the student's quiz results or their performance on any specific topics from the curriculum. Therefore, I am unable to extract the requested data from the given context.
INFO:httpx:HTTP Request: POST http://127.0.0.1:11434/api/embed "HTTP/1.1 200 OK"
INFO:httpx:HTTP Request: POST http://127.0.0.1:11434/api/generate "HTTP/1.1 200 OK"
INFO:root:Learning Path summary RAG: ## Learning Path for Student Improvement

**Phase 1: Diagnostic Assessment & Reflection**

* Review the student's quiz results and identify specific areas of difficulty for each topic.
* Discuss with the student their learning challenges and strategies they've used.
* Have the student reflect on their current understanding of the concepts and their motivation for improvement.

**Phase 2: Targeted Intervention & Support**

* **Reinforce foundational concepts:**
    * Provide review materials and practice exercises on exponential equations, logarithmic properties, radians, trigonometric identities, and polynomial roots.
    * Offer additional support for understanding rates of change and function composition.
* **Visual & Technological Resources:**
    * Introduce visual representations like diagrams, graphs, and animations to aid in understanding complex concepts.
    * Recommend online learning tools like interactive tutorials, simulations, and online assessments.
* **Concept Connection & Application:**
    * Encourage the student to connect learned concepts to real-world applications through problem-solving activities and connections to other disciplines.
    * Provide opportunities for applying learned concepts in various contexts.

**Phase 3: Continuous Monitoring & Reflection**

* Regularly assess student progress through quizzes, assignments, and other assessments.
* Encourage the student to self-assess their understanding and identify areas for further improvement.
* Discuss progress with the student and adjust the learning path as needed.

**Additional Strategies:**

* **Peer Tutoring:** Pair the student with a peer tutor who can provide additional support and guidance.
* **Individual Tutoring:** Consider engaging a private tutor if additional individualized support is needed.
* **Study Skills Development:** Teach the student effective study skills like note-taking, summarizing, and time management.

**Possible Areas of Focus:**

* **Motivation & Engagement:** Address any underlying issues with motivation or engagement in the subject.
* **Learning Strategies:** Teach the student different problem-solving and learning strategies to tackle complex concepts.
* **Self-Reflection:** Encourage the student to reflect on their strengths and weaknesses and adjust their learning approach accordingly.
INFO:httpx:HTTP Request: POST http://127.0.0.1:11434/api/generate "HTTP/1.1 200 OK"
INFO:root:weaknesses: 1. Incorrect Responses:
* Question number: 1
    * Topic: exponential equations
    * Difficulty: easy
    * Correct Answer: 4
    * Student Answer: 3
* Question number: 2
    * Topic: logarithmic properties
    * Difficulty: medium
    * Correct Answer: 2
    * Student Answer: 4
* Question number: 3
    * Topic: radian measure
    * Difficulty: easy
    * Correct Answer: π/2
    * Student Answer: 4
* Question number: 4
    * Topic: trigonometric identity
    * Difficulty: medium
    * Correct Answer: 1/2
    * Student Answer: 2
* Question number: 5
    * Topic: rational functions
    * Difficulty: hard
    * Correct Answer: x = ±3
    * Student Answer: 2,-1,5
* Question number: 6
    * Topic: polynomial roots
    * Difficulty: medium
    * Correct Answer: -1, 2, 5
    * Student Answer: 2
* Question number: 7
    * Topic: average rate of change
    * Difficulty: hard
    * Correct Answer: 6
    * Student Answer: 3
* Question number: 8
    * Topic: function transformations
    * Difficulty: medium
    * Correct Answer: 3
    * Student Answer: 3
* Question number: 9
    * Topic: logarithmic equations
    * Difficulty: hard
    * Correct Answer: 13.8
    * Student Answer: 2
* Question number: 10
    * Topic: function composition
    * Difficulty: hard
    * Correct Answer: 25
    * Student Answer: None

2. Aggregate Insights:
* Topics of Struggle: exponential equations, logarithmic properties, radian measure, trigonometric identity, rational functions, polynomial roots, average rate of change, logarithmic equations, function composition
* Difficulty Level: easy, medium, hard
* Patterns: The student struggled with most questions in the topics of exponential equations, logarithmic properties, trigonometric identity, rational functions, and logarithmic equations. The student also made mistakes on most hard difficulty level questions.
INFO:httpx:HTTP Request: POST http://127.0.0.1:11434/api/generate "HTTP/1.1 200 OK"
INFO:root:strengths: 

## Students Correct Responses from the Quiz

**Correct Responses:**

*   **Question number:** 8
    *   Topic: (function transformations)
    *   Difficulty: (medium)
WARNING:pypdf._reader:Ignoring wrong pointing object 41 0 (offset 0)
WARNING:pypdf._reader:Ignoring wrong pointing object 46 0 (offset 0)
INFO:chromadb.telemetry.product.posthog:Anonymized telemetry enabled. See                     https://docs.trychroma.com/telemetry for more information.
INFO:httpx:HTTP Request: POST http://127.0.0.1:11434/api/embed "HTTP/1.1 200 OK"
INFO:httpx:HTTP Request: POST http://127.0.0.1:11434/api/embed "HTTP/1.1 200 OK"
INFO:httpx:HTTP Request: POST http://127.0.0.1:11434/api/generate "HTTP/1.1 200 OK"
INFO:root:Strengths summary RAG: The provided text does not include information regarding the student's quiz results or performance, so I am unable to extract the requested data from the given context.
INFO:httpx:HTTP Request: POST http://127.0.0.1:11434/api/embed "HTTP/1.1 200 OK"
INFO:httpx:HTTP Request: POST http://127.0.0.1:11434/api/generate "HTTP/1.1 200 OK"
INFO:root:Learning Path summary RAG: ## Learning Path for Student Improvement

**Phase 1: Targeted Review and Practice**

* **Exponential Equations:** Review properties of exponents, solve exponential equations step-by-step, practice with diverse problems.
* **Logarithmic Properties:** Review logarithmic laws, understand common logarithmic functions, practice solving logarithmic equations and inequalities.
* **Radian Measure:** Review conversion between radians and degrees, practice finding angles using radians.
* **Trigonometric Identity:** Review fundamental identities, practice manipulating trigonometric expressions, solve trigonometric equations.
* **Rational Functions:** Review factoring techniques, understand behavior of rational functions, practice finding roots and asymptotes.

**Phase 2: Focused Improvement Strategies**

* **Problem-Solving Strategies:** Develop and refine metacognitive skills like problem analysis, strategy selection, and reflection.
* **Visual Representation:** Practice creating and interpreting various representations of mathematical concepts like graphs, tables, and diagrams.
* **Collaboration & Tutoring:** Seek support from peers or tutors when needed.

**Phase 3: Continuous Monitoring and Reflection**

* Regularly assess understanding through quizzes, tests, and self-reflection.
* Identify areas of difficulty and adjust learning path accordingly.
* Seek feedback from teachers or mentors to gain additional insights.

**Additional Recommendations:**

* Utilize online resources like Khan Academy, Mathplanet, or Desmos for interactive learning and practice.
* Engage in online communities of learners to connect with peers and share knowledge.
* Prioritize sleep and healthy habits for optimal cognitive performance.

**Specific Actions for Upcoming Lessons:**

* Focus on reviewing the specific topics identified in the aggregate insights section.
* Use diverse representations like graphs, tables, and diagrams to support understanding.
* Explicitly connect concepts learned to real-world applications.
* Encourage and guide the student in developing and implementing problem-solving strategies.
* Provide regular feedback and praise for progress made.
